# JRE version: OpenJDK Runtime Environment (19.0.2+7) (build 19.0.2+7-44)
# Java VM: OpenJDK 64-Bit Server VM (19.0.2+7-44, mixed mode, sharing, tiered, compressed oops, compressed class ptrs, g1 gc, windows-amd64)
GC Precious Log:
 CardTable entry size: 512
 Card Set container configuration: InlinePtr #cards 5 size 8 Array Of Cards #cards 12 size 40 Howl #buckets 4 coarsen threshold 1843 Howl Bitmap #cards 512 size 80 coarsen threshold 460 Card regions per heap region 1 cards per card region 2048
 CPUs: 8 total, 8 available
 Memory: 7918M
 Large Page Support: Disabled
 NUMA Support: Disabled
 Compressed Oops: Enabled (32-bit)
 Heap Region Size: 1M
 Heap Min Capacity: 8M
 Heap Initial Capacity: 124M
 Heap Max Capacity: 1980M
 Pre-touch: Disabled
 Parallel Workers: 8
 Concurrent Workers: 2
 Concurrent Refinement Workers: 8
 Periodic GC: Disabled
Heap:
 garbage-first heap   total 126976K, used 54669K [0x0000000084400000, 0x0000000100000000)
  region size 1024K, 2 young (2048K), 2 survivors (2048K)
 Metaspace       used 81288K, committed 81792K, reserved 1179648K
  class space    used 11868K, committed 12096K, reserved 1048576K
GC Heap History (20 events):
Event: 4.681 GC heap after
{Heap after GC invocations=13 (full 0):
 garbage-first heap   total 70656K, used 27678K [0x0000000084400000, 0x0000000100000000)
  region size 1024K, 4 young (4096K), 4 survivors (4096K)
 Metaspace       used 54992K, committed 55360K, reserved 1114112K
  class space    used 7138K, committed 7296K, reserved 1048576K
}
Event: 5.185 GC heap before
{Heap before GC invocations=13 (full 0):
 garbage-first heap   total 70656K, used 53278K [0x0000000084400000, 0x0000000100000000)
  region size 1024K, 30 young (30720K), 4 survivors (4096K)
 Metaspace       used 57279K, committed 57728K, reserved 1114112K
  class space    used 7451K, committed 7680K, reserved 1048576K
}
Event: 5.189 GC heap after
{Heap after GC invocations=14 (full 0):
 garbage-first heap   total 70656K, used 29997K [0x0000000084400000, 0x0000000100000000)
  region size 1024K, 4 young (4096K), 4 survivors (4096K)
 Metaspace       used 57279K, committed 57728K, reserved 1114112K
  class space    used 7451K, committed 7680K, reserved 1048576K
}
Event: 5.476 GC heap before
{Heap before GC invocations=14 (full 0):
 garbage-first heap   total 70656K, used 54573K [0x0000000084400000, 0x0000000100000000)
  region size 1024K, 28 young (28672K), 4 survivors (4096K)
 Metaspace       used 59224K, committed 59648K, reserved 1114112K
  class space    used 7725K, committed 7936K, reserved 1048576K
}
Event: 5.482 GC heap after
{Heap after GC invocations=15 (full 0):
 garbage-first heap   total 70656K, used 32886K [0x0000000084400000, 0x0000000100000000)
  region size 1024K, 3 young (3072K), 3 survivors (3072K)
 Metaspace       used 59224K, committed 59648K, reserved 1114112K
  class space    used 7725K, committed 7936K, reserved 1048576K
}
Event: 5.704 GC heap before
{Heap before GC invocations=15 (full 0):
 garbage-first heap   total 70656K, used 47222K [0x0000000084400000, 0x0000000100000000)
  region size 1024K, 18 young (18432K), 3 survivors (3072K)
 Metaspace       used 59981K, committed 60416K, reserved 1114112K
  class space    used 7823K, committed 8064K, reserved 1048576K
}
Event: 5.709 GC heap after
{Heap after GC invocations=16 (full 0):
 garbage-first heap   total 70656K, used 35911K [0x0000000084400000, 0x0000000100000000)
  region size 1024K, 3 young (3072K), 3 survivors (3072K)
 Metaspace       used 59981K, committed 60416K, reserved 1114112K
  class space    used 7823K, committed 8064K, reserved 1048576K
}
Event: 6.037 GC heap before
{Heap before GC invocations=17 (full 0):
 garbage-first heap   total 70656K, used 54343K [0x0000000084400000, 0x0000000100000000)
  region size 1024K, 22 young (22528K), 3 survivors (3072K)
 Metaspace       used 64122K, committed 64576K, reserved 1114112K
  class space    used 8406K, committed 8640K, reserved 1048576K
}
Event: 6.040 GC heap after
{Heap after GC invocations=18 (full 0):
 garbage-first heap   total 70656K, used 37702K [0x0000000084400000, 0x0000000100000000)
  region size 1024K, 3 young (3072K), 3 survivors (3072K)
 Metaspace       used 64122K, committed 64576K, reserved 1114112K
  class space    used 8406K, committed 8640K, reserved 1048576K
}
Event: 6.045 GC heap before
{Heap before GC invocations=18 (full 0):
 garbage-first heap   total 70656K, used 38726K [0x0000000084400000, 0x0000000100000000)
  region size 1024K, 4 young (4096K), 3 survivors (3072K)
 Metaspace       used 64130K, committed 64576K, reserved 1114112K
  class space    used 8407K, committed 8640K, reserved 1048576K
}
Event: 6.047 GC heap after
{Heap after GC invocations=19 (full 0):
 garbage-first heap   total 84992K, used 37710K [0x0000000084400000, 0x0000000100000000)
  region size 1024K, 1 young (1024K), 1 survivors (1024K)
 Metaspace       used 64130K, committed 64576K, reserved 1114112K
  class space    used 8407K, committed 8640K, reserved 1048576K
}
Event: 6.319 GC heap before
{Heap before GC invocations=19 (full 0):
 garbage-first heap   total 84992K, used 62286K [0x0000000084400000, 0x0000000100000000)
  region size 1024K, 26 young (26624K), 1 survivors (1024K)
 Metaspace       used 70770K, committed 71232K, reserved 1114112K
  class space    used 10618K, committed 10880K, reserved 1048576K
}
Event: 6.321 GC heap after
{Heap after GC invocations=20 (full 0):
 garbage-first heap   total 84992K, used 39823K [0x0000000084400000, 0x0000000100000000)
  region size 1024K, 3 young (3072K), 3 survivors (3072K)
 Metaspace       used 70770K, committed 71232K, reserved 1114112K
  class space    used 10618K, committed 10880K, reserved 1048576K
}
Event: 6.704 GC heap before
{Heap before GC invocations=20 (full 0):
 garbage-first heap   total 84992K, used 63375K [0x0000000084400000, 0x0000000100000000)
  region size 1024K, 27 young (27648K), 3 survivors (3072K)
 Metaspace       used 75122K, committed 75520K, reserved 1114112K
  class space    used 11143K, committed 11328K, reserved 1048576K
}
Event: 6.711 GC heap after
{Heap after GC invocations=21 (full 0):
 garbage-first heap   total 84992K, used 45140K [0x0000000084400000, 0x0000000100000000)
  region size 1024K, 4 young (4096K), 4 survivors (4096K)
 Metaspace       used 75122K, committed 75520K, reserved 1114112K
  class space    used 11143K, committed 11328K, reserved 1048576K
}
Event: 7.116 GC heap before
{Heap before GC invocations=21 (full 0):
 garbage-first heap   total 84992K, used 63572K [0x0000000084400000, 0x0000000100000000)
  region size 1024K, 23 young (23552K), 4 survivors (4096K)
 Metaspace       used 78356K, committed 78848K, reserved 1179648K
  class space    used 11519K, committed 11776K, reserved 1048576K
}
Event: 7.122 GC heap after
{Heap after GC invocations=22 (full 0):
 garbage-first heap   total 84992K, used 50112K [0x0000000084400000, 0x0000000100000000)
  region size 1024K, 3 young (3072K), 3 survivors (3072K)
 Metaspace       used 78356K, committed 78848K, reserved 1179648K
  class space    used 11519K, committed 11776K, reserved 1048576K
}
Event: 7.372 GC heap before
{Heap before GC invocations=22 (full 0):
 garbage-first heap   total 84992K, used 65472K [0x0000000084400000, 0x0000000100000000)
  region size 1024K, 18 young (18432K), 3 survivors (3072K)
 Metaspace       used 79986K, committed 80448K, reserved 1179648K
  class space    used 11742K, committed 11968K, reserved 1048576K
}
Event: 7.376 GC heap after
{Heap after GC invocations=23 (full 0):
 garbage-first heap   total 84992K, used 53851K [0x0000000084400000, 0x0000000100000000)
  region size 1024K, 3 young (3072K), 3 survivors (3072K)
 Metaspace       used 79986K, committed 80448K, reserved 1179648K
  class space    used 11742K, committed 11968K, reserved 1048576K
}
Event: 7.629 GC heap before
{Heap before GC invocations=23 (full 0):
 garbage-first heap   total 84992K, used 66139K [0x0000000084400000, 0x0000000100000000)
  region size 1024K, 15 young (15360K), 3 survivors (3072K)
 Metaspace       used 81288K, committed 81792K, reserved 1179648K
  class space    used 11868K, committed 12096K, reserved 1048576K
}

