# JRE version: OpenJDK Runtime Environment (19.0.2+7) (build 19.0.2+7-44)
# Java VM: OpenJDK 64-Bit Server VM (19.0.2+7-44, mixed mode, sharing, tiered, compressed oops, compressed class ptrs, g1 gc, windows-amd64)
GC Precious Log:
 CardTable entry size: 512
 Card Set container configuration: InlinePtr #cards 5 size 8 Array Of Cards #cards 12 size 40 Howl #buckets 4 coarsen threshold 1843 Howl Bitmap #cards 512 size 80 coarsen threshold 460 Card regions per heap region 1 cards per card region 2048
 CPUs: 8 total, 8 available
 Memory: 7918M
 Large Page Support: Disabled
 NUMA Support: Disabled
 Compressed Oops: Enabled (32-bit)
 Heap Region Size: 1M
 Heap Min Capacity: 8M
 Heap Initial Capacity: 124M
 Heap Max Capacity: 1980M
 Pre-touch: Disabled
 Parallel Workers: 8
 Concurrent Workers: 2
 Concurrent Refinement Workers: 8
 Periodic GC: Disabled
Heap:
 garbage-first heap   total 126976K, used 54673K [0x0000000084400000, 0x0000000100000000)
  region size 1024K, 2 young (2048K), 2 survivors (2048K)
 Metaspace       used 81470K, committed 81984K, reserved 1179648K
  class space    used 11874K, committed 12160K, reserved 1048576K
GC Heap History (20 events):
Event: 4.853 GC heap after
{Heap after GC invocations=13 (full 0):
 garbage-first heap   total 70656K, used 27542K [0x0000000084400000, 0x0000000100000000)
  region size 1024K, 4 young (4096K), 4 survivors (4096K)
 Metaspace       used 55001K, committed 55360K, reserved 1114112K
  class space    used 7139K, committed 7296K, reserved 1048576K
}
Event: 5.357 GC heap before
{Heap before GC invocations=13 (full 0):
 garbage-first heap   total 70656K, used 53142K [0x0000000084400000, 0x0000000100000000)
  region size 1024K, 30 young (30720K), 4 survivors (4096K)
 Metaspace       used 57349K, committed 57792K, reserved 1114112K
  class space    used 7462K, committed 7680K, reserved 1048576K
}
Event: 5.362 GC heap after
{Heap after GC invocations=14 (full 0):
 garbage-first heap   total 70656K, used 29877K [0x0000000084400000, 0x0000000100000000)
  region size 1024K, 4 young (4096K), 4 survivors (4096K)
 Metaspace       used 57349K, committed 57792K, reserved 1114112K
  class space    used 7462K, committed 7680K, reserved 1048576K
}
Event: 5.656 GC heap before
{Heap before GC invocations=14 (full 0):
 garbage-first heap   total 70656K, used 54453K [0x0000000084400000, 0x0000000100000000)
  region size 1024K, 28 young (28672K), 4 survivors (4096K)
 Metaspace       used 59264K, committed 59712K, reserved 1114112K
  class space    used 7728K, committed 7936K, reserved 1048576K
}
Event: 5.661 GC heap after
{Heap after GC invocations=15 (full 0):
 garbage-first heap   total 70656K, used 33084K [0x0000000084400000, 0x0000000100000000)
  region size 1024K, 3 young (3072K), 3 survivors (3072K)
 Metaspace       used 59264K, committed 59712K, reserved 1114112K
  class space    used 7728K, committed 7936K, reserved 1048576K
}
Event: 5.856 GC heap before
{Heap before GC invocations=15 (full 0):
 garbage-first heap   total 70656K, used 46396K [0x0000000084400000, 0x0000000100000000)
  region size 1024K, 17 young (17408K), 3 survivors (3072K)
 Metaspace       used 59860K, committed 60288K, reserved 1114112K
  class space    used 7811K, committed 8064K, reserved 1048576K
}
Event: 5.860 GC heap after
{Heap after GC invocations=16 (full 0):
 garbage-first heap   total 70656K, used 35949K [0x0000000084400000, 0x0000000100000000)
  region size 1024K, 3 young (3072K), 3 survivors (3072K)
 Metaspace       used 59860K, committed 60288K, reserved 1114112K
  class space    used 7811K, committed 8064K, reserved 1048576K
}
Event: 6.203 GC heap before
{Heap before GC invocations=17 (full 0):
 garbage-first heap   total 70656K, used 54381K [0x0000000084400000, 0x0000000100000000)
  region size 1024K, 22 young (22528K), 3 survivors (3072K)
 Metaspace       used 64153K, committed 64640K, reserved 1114112K
  class space    used 8407K, committed 8640K, reserved 1048576K
}
Event: 6.206 GC heap after
{Heap after GC invocations=18 (full 0):
 garbage-first heap   total 70656K, used 37915K [0x0000000084400000, 0x0000000100000000)
  region size 1024K, 3 young (3072K), 3 survivors (3072K)
 Metaspace       used 64153K, committed 64640K, reserved 1114112K
  class space    used 8407K, committed 8640K, reserved 1048576K
}
Event: 6.212 GC heap before
{Heap before GC invocations=18 (full 0):
 garbage-first heap   total 70656K, used 38939K [0x0000000084400000, 0x0000000100000000)
  region size 1024K, 4 young (4096K), 3 survivors (3072K)
 Metaspace       used 64184K, committed 64704K, reserved 1114112K
  class space    used 8408K, committed 8640K, reserved 1048576K
}
Event: 6.214 GC heap after
{Heap after GC invocations=19 (full 0):
 garbage-first heap   total 84992K, used 37829K [0x0000000084400000, 0x0000000100000000)
  region size 1024K, 1 young (1024K), 1 survivors (1024K)
 Metaspace       used 64184K, committed 64704K, reserved 1114112K
  class space    used 8408K, committed 8640K, reserved 1048576K
}
Event: 6.474 GC heap before
{Heap before GC invocations=19 (full 0):
 garbage-first heap   total 84992K, used 62405K [0x0000000084400000, 0x0000000100000000)
  region size 1024K, 26 young (26624K), 1 survivors (1024K)
 Metaspace       used 70796K, committed 71296K, reserved 1114112K
  class space    used 10618K, committed 10880K, reserved 1048576K
}
Event: 6.476 GC heap after
{Heap after GC invocations=20 (full 0):
 garbage-first heap   total 84992K, used 39872K [0x0000000084400000, 0x0000000100000000)
  region size 1024K, 3 young (3072K), 3 survivors (3072K)
 Metaspace       used 70796K, committed 71296K, reserved 1114112K
  class space    used 10618K, committed 10880K, reserved 1048576K
}
Event: 6.870 GC heap before
{Heap before GC invocations=20 (full 0):
 garbage-first heap   total 84992K, used 63424K [0x0000000084400000, 0x0000000100000000)
  region size 1024K, 27 young (27648K), 3 survivors (3072K)
 Metaspace       used 75160K, committed 75584K, reserved 1114112K
  class space    used 11142K, committed 11328K, reserved 1048576K
}
Event: 6.875 GC heap after
{Heap after GC invocations=21 (full 0):
 garbage-first heap   total 84992K, used 45138K [0x0000000084400000, 0x0000000100000000)
  region size 1024K, 4 young (4096K), 4 survivors (4096K)
 Metaspace       used 75160K, committed 75584K, reserved 1114112K
  class space    used 11142K, committed 11328K, reserved 1048576K
}
Event: 7.313 GC heap before
{Heap before GC invocations=21 (full 0):
 garbage-first heap   total 84992K, used 64594K [0x0000000084400000, 0x0000000100000000)
  region size 1024K, 23 young (23552K), 4 survivors (4096K)
 Metaspace       used 78548K, committed 79040K, reserved 1179648K
  class space    used 11534K, committed 11776K, reserved 1048576K
}
Event: 7.319 GC heap after
{Heap after GC invocations=22 (full 0):
 garbage-first heap   total 84992K, used 50106K [0x0000000084400000, 0x0000000100000000)
  region size 1024K, 3 young (3072K), 3 survivors (3072K)
 Metaspace       used 78548K, committed 79040K, reserved 1179648K
  class space    used 11534K, committed 11776K, reserved 1048576K
}
Event: 7.573 GC heap before
{Heap before GC invocations=22 (full 0):
 garbage-first heap   total 84992K, used 65466K [0x0000000084400000, 0x0000000100000000)
  region size 1024K, 18 young (18432K), 3 survivors (3072K)
 Metaspace       used 80166K, committed 80704K, reserved 1179648K
  class space    used 11750K, committed 12032K, reserved 1048576K
}
Event: 7.578 GC heap after
{Heap after GC invocations=23 (full 0):
 garbage-first heap   total 84992K, used 52693K [0x0000000084400000, 0x0000000100000000)
  region size 1024K, 3 young (3072K), 3 survivors (3072K)
 Metaspace       used 80166K, committed 80704K, reserved 1179648K
  class space    used 11750K, committed 12032K, reserved 1048576K
}
Event: 7.848 GC heap before
{Heap before GC invocations=23 (full 0):
 garbage-first heap   total 84992K, used 66005K [0x0000000084400000, 0x0000000100000000)
  region size 1024K, 16 young (16384K), 3 survivors (3072K)
 Metaspace       used 81470K, committed 81984K, reserved 1179648K
  class space    used 11874K, committed 12160K, reserved 1048576K
}

