# JRE version: OpenJDK Runtime Environment (19.0.2+7) (build 19.0.2+7-44)
# Java VM: OpenJDK 64-Bit Server VM (19.0.2+7-44, mixed mode, sharing, tiered, compressed oops, compressed class ptrs, g1 gc, windows-amd64)
GC Precious Log:
 CardTable entry size: 512
 Card Set container configuration: InlinePtr #cards 5 size 8 Array Of Cards #cards 12 size 40 Howl #buckets 4 coarsen threshold 1843 Howl Bitmap #cards 512 size 80 coarsen threshold 460 Card regions per heap region 1 cards per card region 2048
 CPUs: 8 total, 8 available
 Memory: 7918M
 Large Page Support: Disabled
 NUMA Support: Disabled
 Compressed Oops: Enabled (32-bit)
 Heap Region Size: 1M
 Heap Min Capacity: 8M
 Heap Initial Capacity: 124M
 Heap Max Capacity: 1980M
 Pre-touch: Disabled
 Parallel Workers: 8
 Concurrent Workers: 2
 Concurrent Refinement Workers: 8
 Periodic GC: Disabled
Heap:
 garbage-first heap   total 147456K, used 66309K [0x0000000084400000, 0x0000000100000000)
  region size 1024K, 30 young (30720K), 3 survivors (3072K)
 Metaspace       used 76274K, committed 76736K, reserved 1179648K
  class space    used 11293K, committed 11520K, reserved 1048576K
GC Heap History (20 events):
Event: 3.377 GC heap before
{Heap before GC invocations=7 (full 0):
 garbage-first heap   total 111616K, used 53198K [0x0000000084400000, 0x0000000100000000)
  region size 1024K, 37 young (37888K), 3 survivors (3072K)
 Metaspace       used 35630K, committed 35968K, reserved 1114112K
  class space    used 4317K, committed 4480K, reserved 1048576K
}
Event: 3.382 GC heap after
{Heap after GC invocations=8 (full 0):
 garbage-first heap   total 111616K, used 22112K [0x0000000084400000, 0x0000000100000000)
  region size 1024K, 5 young (5120K), 5 survivors (5120K)
 Metaspace       used 35630K, committed 35968K, reserved 1114112K
  class space    used 4317K, committed 4480K, reserved 1048576K
}
Event: 4.174 GC heap before
{Heap before GC invocations=9 (full 0):
 garbage-first heap   total 78848K, used 64096K [0x0000000084400000, 0x0000000100000000)
  region size 1024K, 46 young (47104K), 5 survivors (5120K)
 Metaspace       used 47764K, committed 48192K, reserved 1114112K
  class space    used 6228K, committed 6400K, reserved 1048576K
}
Event: 4.179 GC heap after
{Heap after GC invocations=10 (full 0):
 garbage-first heap   total 78848K, used 24293K [0x0000000084400000, 0x0000000100000000)
  region size 1024K, 5 young (5120K), 5 survivors (5120K)
 Metaspace       used 47764K, committed 48192K, reserved 1114112K
  class space    used 6228K, committed 6400K, reserved 1048576K
}
Event: 4.193 GC heap before
{Heap before GC invocations=10 (full 0):
 garbage-first heap   total 78848K, used 25317K [0x0000000084400000, 0x0000000100000000)
  region size 1024K, 6 young (6144K), 5 survivors (5120K)
 Metaspace       used 48044K, committed 48448K, reserved 1114112K
  class space    used 6266K, committed 6464K, reserved 1048576K
}
Event: 4.197 GC heap after
{Heap after GC invocations=11 (full 0):
 garbage-first heap   total 78848K, used 24901K [0x0000000084400000, 0x0000000100000000)
  region size 1024K, 1 young (1024K), 1 survivors (1024K)
 Metaspace       used 48044K, committed 48448K, reserved 1114112K
  class space    used 6266K, committed 6464K, reserved 1048576K
}
Event: 4.675 GC heap before
{Heap before GC invocations=11 (full 0):
 garbage-first heap   total 78848K, used 58693K [0x0000000084400000, 0x0000000100000000)
  region size 1024K, 34 young (34816K), 1 survivors (1024K)
 Metaspace       used 52996K, committed 53376K, reserved 1114112K
  class space    used 6909K, committed 7104K, reserved 1048576K
}
Event: 4.677 GC heap after
{Heap after GC invocations=12 (full 0):
 garbage-first heap   total 78848K, used 26875K [0x0000000084400000, 0x0000000100000000)
  region size 1024K, 3 young (3072K), 3 survivors (3072K)
 Metaspace       used 52996K, committed 53376K, reserved 1114112K
  class space    used 6909K, committed 7104K, reserved 1048576K
}
Event: 5.315 GC heap before
{Heap before GC invocations=12 (full 0):
 garbage-first heap   total 78848K, used 59643K [0x0000000084400000, 0x0000000100000000)
  region size 1024K, 35 young (35840K), 3 survivors (3072K)
 Metaspace       used 57159K, committed 57664K, reserved 1114112K
  class space    used 7436K, committed 7680K, reserved 1048576K
}
Event: 5.320 GC heap after
{Heap after GC invocations=13 (full 0):
 garbage-first heap   total 78848K, used 29876K [0x0000000084400000, 0x0000000100000000)
  region size 1024K, 3 young (3072K), 3 survivors (3072K)
 Metaspace       used 57159K, committed 57664K, reserved 1114112K
  class space    used 7436K, committed 7680K, reserved 1048576K
}
Event: 5.656 GC heap before
{Heap before GC invocations=13 (full 0):
 garbage-first heap   total 78848K, used 60596K [0x0000000084400000, 0x0000000100000000)
  region size 1024K, 33 young (33792K), 3 survivors (3072K)
 Metaspace       used 59495K, committed 59968K, reserved 1114112K
  class space    used 7758K, committed 8000K, reserved 1048576K
}
Event: 5.661 GC heap after
{Heap after GC invocations=14 (full 0):
 garbage-first heap   total 78848K, used 33328K [0x0000000084400000, 0x0000000100000000)
  region size 1024K, 4 young (4096K), 4 survivors (4096K)
 Metaspace       used 59495K, committed 59968K, reserved 1114112K
  class space    used 7758K, committed 8000K, reserved 1048576K
}
Event: 5.808 GC heap before
{Heap before GC invocations=14 (full 0):
 garbage-first heap   total 78848K, used 43568K [0x0000000084400000, 0x0000000100000000)
  region size 1024K, 15 young (15360K), 4 survivors (4096K)
 Metaspace       used 60006K, committed 60416K, reserved 1114112K
  class space    used 7823K, committed 8064K, reserved 1048576K
}
Event: 5.813 GC heap after
{Heap after GC invocations=15 (full 0):
 garbage-first heap   total 78848K, used 35883K [0x0000000084400000, 0x0000000100000000)
  region size 1024K, 3 young (3072K), 3 survivors (3072K)
 Metaspace       used 60006K, committed 60416K, reserved 1114112K
  class space    used 7823K, committed 8064K, reserved 1048576K
}
Event: 6.223 GC heap before
{Heap before GC invocations=16 (full 0):
 garbage-first heap   total 78848K, used 60459K [0x0000000084400000, 0x0000000100000000)
  region size 1024K, 27 young (27648K), 3 survivors (3072K)
 Metaspace       used 65652K, committed 66112K, reserved 1114112K
  class space    used 8830K, committed 9024K, reserved 1048576K
}
Event: 6.227 GC heap after
{Heap after GC invocations=17 (full 0):
 garbage-first heap   total 78848K, used 37988K [0x0000000084400000, 0x0000000100000000)
  region size 1024K, 3 young (3072K), 3 survivors (3072K)
 Metaspace       used 65652K, committed 66112K, reserved 1114112K
  class space    used 8830K, committed 9024K, reserved 1048576K
}
Event: 6.236 GC heap before
{Heap before GC invocations=17 (full 0):
 garbage-first heap   total 78848K, used 39012K [0x0000000084400000, 0x0000000100000000)
  region size 1024K, 4 young (4096K), 3 survivors (3072K)
 Metaspace       used 65937K, committed 66432K, reserved 1114112K
  class space    used 8990K, committed 9216K, reserved 1048576K
}
Event: 6.239 GC heap after
{Heap after GC invocations=18 (full 0):
 garbage-first heap   total 78848K, used 38297K [0x0000000084400000, 0x0000000100000000)
  region size 1024K, 1 young (1024K), 1 survivors (1024K)
 Metaspace       used 65937K, committed 66432K, reserved 1114112K
  class space    used 8990K, committed 9216K, reserved 1048576K
}
Event: 6.478 GC heap before
{Heap before GC invocations=18 (full 0):
 garbage-first heap   total 78848K, used 60825K [0x0000000084400000, 0x0000000100000000)
  region size 1024K, 24 young (24576K), 1 survivors (1024K)
 Metaspace       used 70946K, committed 71424K, reserved 1114112K
  class space    used 10634K, committed 10880K, reserved 1048576K
}
Event: 6.481 GC heap after
{Heap after GC invocations=19 (full 0):
 garbage-first heap   total 157696K, used 40709K [0x0000000084400000, 0x0000000100000000)
  region size 1024K, 3 young (3072K), 3 survivors (3072K)
 Metaspace       used 70946K, committed 71424K, reserved 1114112K
  class space    used 10634K, committed 10880K, reserved 1048576K
}

